#
# There is insufficient memory for the Java Runtime Environment to continue.
# Native memory allocation (malloc) failed to allocate 2064848 bytes. Error detail: Chunk::new
# Possible reasons:
#   The system is out of physical RAM or swap space
#   This process is running with CompressedOops enabled, and the Java Heap may be blocking the growth of the native heap
# Possible solutions:
#   Reduce memory load on the system
#   Increase physical memory or swap space
#   Check if swap backing store is full
#   Decrease Java heap size (-Xmx/-Xms)
#   Decrease number of Java threads
#   Decrease Java thread stack sizes (-Xss)
#   Set larger code cache with -XX:ReservedCodeCacheSize=
#   JVM is running with Unscaled Compressed Oops mode in which the Java heap is
#     placed in the first 4GB address space. The Java Heap base address is the
#     maximum limit for the native heap growth. Please use -XX:HeapBaseMinAddress
#     to set the Java Heap base and to place the Java Heap above 4GB virtual address.
# This output file may be truncated or incomplete.
#
#  Out of Memory Error (arena.cpp:150), pid=36768, tid=33544
#
# JRE version: Java(TM) SE Runtime Environment (22.0.2+9) (build 22.0.2+9-70)
# Java VM: Java HotSpot(TM) 64-Bit Server VM (22.0.2+9-70, mixed mode, sharing, tiered, compressed oops, compressed class ptrs, g1 gc, windows-amd64)
# No core dump will be written. Minidumps are not enabled by default on client versions of Windows
#

---------------  S U M M A R Y ------------

Command Line: C:\Users\tnard\AppData\Local\Temp\surefire3598509664490805332\surefirebooter-20241231134453550_3.jar C:\Users\tnard\AppData\Local\Temp\surefire3598509664490805332 2024-12-31T13-44-53_280-jvmRun1 surefire-20241231134453550_1tmp surefire_0-20241231134453550_2tmp

Host: AMD Ryzen 5 7530U with Radeon Graphics         , 12 cores, 7G,  Windows 11 , 64 bit Build 22621 (10.0.22621.4391)
Time: Tue Dec 31 13:44:55 2024 Central Standard Time elapsed time: 1.938030 seconds (0d 0h 0m 1s)

---------------  T H R E A D  ---------------

Current thread (0x0000021845f759f0):  JavaThread "C2 CompilerThread1" daemon [_thread_in_native, id=33544, stack(0x000000af33700000,0x000000af33800000) (1024K)]


Current CompileTask:
C2:1938 1756       4       java.lang.invoke.MethodType::methodType (69 bytes)

Stack: [0x000000af33700000,0x000000af33800000]
Native frames: (J=compiled Java code, j=interpreted, Vv=VM code, C=native code)
V  [jvm.dll+0x6e26e9]  (no source info available)
V  [jvm.dll+0x875753]  (no source info available)
V  [jvm.dll+0x877b7e]  (no source info available)
V  [jvm.dll+0x878253]  (no source info available)
V  [jvm.dll+0x27fc86]  (no source info available)
V  [jvm.dll+0xc3d0f]  (no source info available)
V  [jvm.dll+0xc3f6b]  (no source info available)
V  [jvm.dll+0x3bb47c]  (no source info available)
V  [jvm.dll+0x387d4b]  (no source info available)
V  [jvm.dll+0x3871ba]  (no source info available)
V  [jvm.dll+0x2477f8]  (no source info available)
V  [jvm.dll+0x246e9f]  (no source info available)
V  [jvm.dll+0x1c4e80]  (no source info available)
V  [jvm.dll+0x2568f3]  (no source info available)
V  [jvm.dll+0x254baa]  (no source info available)
V  [jvm.dll+0x3f57a6]  (no source info available)
V  [jvm.dll+0x81dc0b]  (no source info available)
V  [jvm.dll+0x6e0d85]  (no source info available)
C  [ucrtbase.dll+0x29333]  (no source info available)
C  [KERNEL32.DLL+0x1259d]  (no source info available)
C  [ntdll.dll+0x5af38]  (no source info available)


---------------  P R O C E S S  ---------------

Threads class SMR info:
_java_thread_list=0x00000218458753b0, length=14, elements={
0x00000218585b9fd0, 0x0000021874f77170, 0x0000021874f77e90, 0x0000021874f7b840,
0x0000021874f7d2b0, 0x0000021874f7e5e0, 0x0000021874f7f040, 0x0000021874f905a0,
0x0000021874fb3470, 0x0000021845284790, 0x0000021845289650, 0x00000218453978b0,
0x00000218456aee80, 0x0000021845f759f0
}

Java Threads: ( => current thread )
  0x00000218585b9fd0 JavaThread "main"                              [_thread_blocked, id=39416, stack(0x000000af31b00000,0x000000af31c00000) (1024K)]
  0x0000021874f77170 JavaThread "Reference Handler"          daemon [_thread_blocked, id=5024, stack(0x000000af32300000,0x000000af32400000) (1024K)]
  0x0000021874f77e90 JavaThread "Finalizer"                  daemon [_thread_blocked, id=23624, stack(0x000000af32400000,0x000000af32500000) (1024K)]
  0x0000021874f7b840 JavaThread "Signal Dispatcher"          daemon [_thread_blocked, id=1680, stack(0x000000af32500000,0x000000af32600000) (1024K)]
  0x0000021874f7d2b0 JavaThread "Attach Listener"            daemon [_thread_blocked, id=10120, stack(0x000000af32600000,0x000000af32700000) (1024K)]
  0x0000021874f7e5e0 JavaThread "Service Thread"             daemon [_thread_blocked, id=35264, stack(0x000000af32700000,0x000000af32800000) (1024K)]
  0x0000021874f7f040 JavaThread "Monitor Deflation Thread"   daemon [_thread_blocked, id=36936, stack(0x000000af32800000,0x000000af32900000) (1024K)]
  0x0000021874f905a0 JavaThread "C2 CompilerThread0"         daemon [_thread_in_native, id=27104, stack(0x000000af32900000,0x000000af32a00000) (1024K)]
  0x0000021874fb3470 JavaThread "C1 CompilerThread0"         daemon [_thread_blocked, id=31520, stack(0x000000af32a00000,0x000000af32b00000) (1024K)]
  0x0000021845284790 JavaThread "Notification Thread"        daemon [_thread_blocked, id=39744, stack(0x000000af32b00000,0x000000af32c00000) (1024K)]
  0x0000021845289650 JavaThread "Common-Cleaner"             daemon [_thread_blocked, id=35696, stack(0x000000af32c00000,0x000000af32d00000) (1024K)]
  0x00000218453978b0 JavaThread "surefire-forkedjvm-stream-flusher" daemon [_thread_blocked, id=31724, stack(0x000000af32d00000,0x000000af32e00000) (1024K)]
  0x00000218456aee80 JavaThread "surefire-forkedjvm-command-thread" daemon [_thread_in_native, id=13580, stack(0x000000af32e00000,0x000000af32f00000) (1024K)]
=>0x0000021845f759f0 JavaThread "C2 CompilerThread1"         daemon [_thread_in_native, id=33544, stack(0x000000af33700000,0x000000af33800000) (1024K)]
Total: 14

Other Threads:
  0x0000021874f5a650 VMThread "VM Thread"                           [id=39632, stack(0x000000af32200000,0x000000af32300000) (1024K)]
  0x0000021874f42b00 WatcherThread "VM Periodic Task Thread"        [id=33064, stack(0x000000af32100000,0x000000af32200000) (1024K)]
  0x00000218586105c0 WorkerThread "GC Thread#0"                     [id=12244, stack(0x000000af31c00000,0x000000af31d00000) (1024K)]
  0x00000218460291d0 WorkerThread "GC Thread#1"                     [id=35000, stack(0x000000af32f00000,0x000000af33000000) (1024K)]
  0x00000218460358d0 WorkerThread "GC Thread#2"                     [id=33256, stack(0x000000af33000000,0x000000af33100000) (1024K)]
  0x0000021846054140 WorkerThread "GC Thread#3"                     [id=32168, stack(0x000000af33100000,0x000000af33200000) (1024K)]
  0x0000021846054b00 WorkerThread "GC Thread#4"                     [id=39784, stack(0x000000af33200000,0x000000af33300000) (1024K)]
  0x0000021846054eb0 WorkerThread "GC Thread#5"                     [id=20240, stack(0x000000af33300000,0x000000af33400000) (1024K)]
  0x0000021846057a80 WorkerThread "GC Thread#6"                     [id=24716, stack(0x000000af33400000,0x000000af33500000) (1024K)]
  0x0000021846058440 WorkerThread "GC Thread#7"                     [id=23108, stack(0x000000af33500000,0x000000af33600000) (1024K)]
  0x0000021846058c00 WorkerThread "GC Thread#8"                     [id=18460, stack(0x000000af33600000,0x000000af33700000) (1024K)]
  0x0000021858620070 ConcurrentGCThread "G1 Main Marker"            [id=39796, stack(0x000000af31d00000,0x000000af31e00000) (1024K)]
  0x0000021858620a90 WorkerThread "G1 Conc#0"                       [id=7980, stack(0x000000af31e00000,0x000000af31f00000) (1024K)]
  0x0000021874e14980 ConcurrentGCThread "G1 Refine#0"               [id=39300, stack(0x000000af31f00000,0x000000af32000000) (1024K)]
  0x0000021874e151b0 ConcurrentGCThread "G1 Service"                [id=29656, stack(0x000000af32000000,0x000000af32100000) (1024K)]
Total: 15

Threads with active compile tasks:
C2 CompilerThread0  2018 1767       4       java.lang.invoke.MethodType::makeImpl (109 bytes)
C2 CompilerThread1  2018 1756       4       java.lang.invoke.MethodType::methodType (69 bytes)
Total: 2

VM state: at safepoint (normal execution)

VM Mutex/Monitor currently owned by a thread:  ([mutex/lock_event])
[0x00007ff8e5bfcb80] Threads_lock - owner thread: 0x0000021874f5a650
[0x00007ff8e5bfcc80] Heap_lock - owner thread: 0x00000218585b9fd0

Heap address: 0x000000008b000000, size: 1872 MB, Compressed Oops mode: 32-bit

CDS archive(s) mapped at: [0x0000021800000000-0x0000021800c60000-0x0000021800c60000), size 12976128, SharedBaseAddress: 0x0000021800000000, ArchiveRelocationMode: 1.
Compressed class space mapped at: 0x0000021801000000-0x0000021841000000, reserved size: 1073741824
Narrow klass base: 0x0000021800000000, Narrow klass shift: 0, Narrow klass range: 0x41000000

GC Precious Log:
 CardTable entry size: 512
 Card Set container configuration: InlinePtr #cards 5 size 8 Array Of Cards #cards 12 size 40 Howl #buckets 4 coarsen threshold 1843 Howl Bitmap #cards 512 size 80 coarsen threshold 460 Card regions per heap region 1 cards per card region 2048
 CPUs: 12 total, 12 available
 Memory: 7487M
 Large Page Support: Disabled
 NUMA Support: Disabled
 Compressed Oops: Enabled (32-bit)
 Heap Region Size: 1M
 Heap Min Capacity: 8M
 Heap Initial Capacity: 118M
 Heap Max Capacity: 1872M
 Pre-touch: Disabled
 Parallel Workers: 10
 Concurrent Workers: 3
 Concurrent Refinement Workers: 10
 Periodic GC: Disabled

Heap:
 garbage-first heap   total reserved 1916928K, committed 120832K, used 37584K [0x000000008b000000, 0x0000000100000000)
  region size 1024K, 31 young (31744K), 3 survivors (3072K)
 Metaspace       used 13092K, committed 13376K, reserved 1114112K
  class space    used 1705K, committed 1856K, reserved 1048576K

Heap Regions: E=young(eden), S=young(survivor), O=old, HS=humongous(starts), HC=humongous(continues), CS=collection set, F=free, TAMS=top-at-mark-start, PB=parsable bottom
|   0|0x000000008b000000, 0x000000008b100000, 0x000000008b100000|100%|HS|  |TAMS 0x000000008b000000| PB 0x000000008b000000| Complete |  0
|   1|0x000000008b100000, 0x000000008b200000, 0x000000008b200000|100%|HS|  |TAMS 0x000000008b100000| PB 0x000000008b100000| Complete |  0
|   2|0x000000008b200000, 0x000000008b300000, 0x000000008b300000|100%| O|  |TAMS 0x000000008b200000| PB 0x000000008b200000| Untracked |  0
|   3|0x000000008b300000, 0x000000008b400000, 0x000000008b400000|100%| O|  |TAMS 0x000000008b300000| PB 0x000000008b300000| Untracked |  0
|   4|0x000000008b400000, 0x000000008b500000, 0x000000008b500000|100%| O|  |TAMS 0x000000008b400000| PB 0x000000008b400000| Untracked |  0
|   5|0x000000008b500000, 0x000000008b600000, 0x000000008b600000|100%| O|  |TAMS 0x000000008b500000| PB 0x000000008b500000| Untracked |  0
|   6|0x000000008b600000, 0x000000008b700000, 0x000000008b700000|100%| O|  |TAMS 0x000000008b600000| PB 0x000000008b600000| Untracked |  0
|   7|0x000000008b700000, 0x000000008b800000, 0x000000008b800000|100%| O|  |TAMS 0x000000008b700000| PB 0x000000008b700000| Untracked |  0
|   8|0x000000008b800000, 0x000000008b900000, 0x000000008b900000|100%| O|  |TAMS 0x000000008b800000| PB 0x000000008b800000| Untracked |  0
|   9|0x000000008b900000, 0x000000008b900000, 0x000000008ba00000|  0%| F|  |TAMS 0x000000008b900000| PB 0x000000008b900000| Untracked |  0
|  10|0x000000008ba00000, 0x000000008ba00000, 0x000000008bb00000|  0%| F|  |TAMS 0x000000008ba00000| PB 0x000000008ba00000| Untracked |  0
|  11|0x000000008bb00000, 0x000000008bb00000, 0x000000008bc00000|  0%| F|  |TAMS 0x000000008bb00000| PB 0x000000008bb00000| Untracked |  0
|  12|0x000000008bc00000, 0x000000008bc00000, 0x000000008bd00000|  0%| F|  |TAMS 0x000000008bc00000| PB 0x000000008bc00000| Untracked |  0
|  13|0x000000008bd00000, 0x000000008bd00000, 0x000000008be00000|  0%| F|  |TAMS 0x000000008bd00000| PB 0x000000008bd00000| Untracked |  0
|  14|0x000000008be00000, 0x000000008be00000, 0x000000008bf00000|  0%| F|  |TAMS 0x000000008be00000| PB 0x000000008be00000| Untracked |  0
|  15|0x000000008bf00000, 0x000000008bf00000, 0x000000008c000000|  0%| F|  |TAMS 0x000000008bf00000| PB 0x000000008bf00000| Untracked |  0
|  16|0x000000008c000000, 0x000000008c000000, 0x000000008c100000|  0%| F|  |TAMS 0x000000008c000000| PB 0x000000008c000000| Untracked |  0
|  17|0x000000008c100000, 0x000000008c100000, 0x000000008c200000|  0%| F|  |TAMS 0x000000008c100000| PB 0x000000008c100000| Untracked |  0
|  18|0x000000008c200000, 0x000000008c200000, 0x000000008c300000|  0%| F|  |TAMS 0x000000008c200000| PB 0x000000008c200000| Untracked |  0
|  19|0x000000008c300000, 0x000000008c300000, 0x000000008c400000|  0%| F|  |TAMS 0x000000008c300000| PB 0x000000008c300000| Untracked |  0
|  20|0x000000008c400000, 0x000000008c400000, 0x000000008c500000|  0%| F|  |TAMS 0x000000008c400000| PB 0x000000008c400000| Untracked |  0
|  21|0x000000008c500000, 0x000000008c500000, 0x000000008c600000|  0%| F|  |TAMS 0x000000008c500000| PB 0x000000008c500000| Untracked |  0
|  22|0x000000008c600000, 0x000000008c600000, 0x000000008c700000|  0%| F|  |TAMS 0x000000008c600000| PB 0x000000008c600000| Untracked |  0
|  23|0x000000008c700000, 0x000000008c700000, 0x000000008c800000|  0%| F|  |TAMS 0x000000008c700000| PB 0x000000008c700000| Untracked |  0
|  24|0x000000008c800000, 0x000000008c800000, 0x000000008c900000|  0%| F|  |TAMS 0x000000008c800000| PB 0x000000008c800000| Untracked |  0
|  25|0x000000008c900000, 0x000000008c900000, 0x000000008ca00000|  0%| F|  |TAMS 0x000000008c900000| PB 0x000000008c900000| Untracked |  0
|  26|0x000000008ca00000, 0x000000008ca00000, 0x000000008cb00000|  0%| F|  |TAMS 0x000000008ca00000| PB 0x000000008ca00000| Untracked |  0
|  27|0x000000008cb00000, 0x000000008cb00000, 0x000000008cc00000|  0%| F|  |TAMS 0x000000008cb00000| PB 0x000000008cb00000| Untracked |  0
|  28|0x000000008cc00000, 0x000000008cc00000, 0x000000008cd00000|  0%| F|  |TAMS 0x000000008cc00000| PB 0x000000008cc00000| Untracked |  0
|  29|0x000000008cd00000, 0x000000008cd00000, 0x000000008ce00000|  0%| F|  |TAMS 0x000000008cd00000| PB 0x000000008cd00000| Untracked |  0
|  30|0x000000008ce00000, 0x000000008ce00000, 0x000000008cf00000|  0%| F|  |TAMS 0x000000008ce00000| PB 0x000000008ce00000| Untracked |  0
|  31|0x000000008cf00000, 0x000000008cf00000, 0x000000008d000000|  0%| F|  |TAMS 0x000000008cf00000| PB 0x000000008cf00000| Untracked |  0
|  32|0x000000008d000000, 0x000000008d000000, 0x000000008d100000|  0%| F|  |TAMS 0x000000008d000000| PB 0x000000008d000000| Untracked |  0
|  33|0x000000008d100000, 0x000000008d100000, 0x000000008d200000|  0%| F|  |TAMS 0x000000008d100000| PB 0x000000008d100000| Untracked |  0
|  34|0x000000008d200000, 0x000000008d200000, 0x000000008d300000|  0%| F|  |TAMS 0x000000008d200000| PB 0x000000008d200000| Untracked |  0
|  35|0x000000008d300000, 0x000000008d300000, 0x000000008d400000|  0%| F|  |TAMS 0x000000008d300000| PB 0x000000008d300000| Untracked |  0
|  36|0x000000008d400000, 0x000000008d400000, 0x000000008d500000|  0%| F|  |TAMS 0x000000008d400000| PB 0x000000008d400000| Untracked |  0
|  37|0x000000008d500000, 0x000000008d500000, 0x000000008d600000|  0%| F|  |TAMS 0x000000008d500000| PB 0x000000008d500000| Untracked |  0
|  38|0x000000008d600000, 0x000000008d600000, 0x000000008d700000|  0%| F|  |TAMS 0x000000008d600000| PB 0x000000008d600000| Untracked |  0
|  39|0x000000008d700000, 0x000000008d700000, 0x000000008d800000|  0%| F|  |TAMS 0x000000008d700000| PB 0x000000008d700000| Untracked |  0
|  40|0x000000008d800000, 0x000000008d800000, 0x000000008d900000|  0%| F|  |TAMS 0x000000008d800000| PB 0x000000008d800000| Untracked |  0
|  41|0x000000008d900000, 0x000000008d900000, 0x000000008da00000|  0%| F|  |TAMS 0x000000008d900000| PB 0x000000008d900000| Untracked |  0
|  42|0x000000008da00000, 0x000000008da00000, 0x000000008db00000|  0%| F|  |TAMS 0x000000008da00000| PB 0x000000008da00000| Untracked |  0
|  43|0x000000008db00000, 0x000000008db00000, 0x000000008dc00000|  0%| F|  |TAMS 0x000000008db00000| PB 0x000000008db00000| Untracked |  0
|  44|0x000000008dc00000, 0x000000008dc00000, 0x000000008dd00000|  0%| F|  |TAMS 0x000000008dc00000| PB 0x000000008dc00000| Untracked |  0
|  45|0x000000008dd00000, 0x000000008dd00000, 0x000000008de00000|  0%| F|  |TAMS 0x000000008dd00000| PB 0x000000008dd00000| Untracked |  0
|  46|0x000000008de00000, 0x000000008de00000, 0x000000008df00000|  0%| F|  |TAMS 0x000000008de00000| PB 0x000000008de00000| Untracked |  0
|  47|0x000000008df00000, 0x000000008df00000, 0x000000008e000000|  0%| F|  |TAMS 0x000000008df00000| PB 0x000000008df00000| Untracked |  0
|  48|0x000000008e000000, 0x000000008e000000, 0x000000008e100000|  0%| F|  |TAMS 0x000000008e000000| PB 0x000000008e000000| Untracked |  0
|  49|0x000000008e100000, 0x000000008e100000, 0x000000008e200000|  0%| F|  |TAMS 0x000000008e100000| PB 0x000000008e100000| Untracked |  0
|  50|0x000000008e200000, 0x000000008e200000, 0x000000008e300000|  0%| F|  |TAMS 0x000000008e200000| PB 0x000000008e200000| Untracked |  0
|  51|0x000000008e300000, 0x000000008e300000, 0x000000008e400000|  0%| F|  |TAMS 0x000000008e300000| PB 0x000000008e300000| Untracked |  0
|  52|0x000000008e400000, 0x000000008e400000, 0x000000008e500000|  0%| F|  |TAMS 0x000000008e400000| PB 0x000000008e400000| Untracked |  0
|  53|0x000000008e500000, 0x000000008e500000, 0x000000008e600000|  0%| F|  |TAMS 0x000000008e500000| PB 0x000000008e500000| Untracked |  0
|  54|0x000000008e600000, 0x000000008e600000, 0x000000008e700000|  0%| F|  |TAMS 0x000000008e600000| PB 0x000000008e600000| Untracked |  0
|  55|0x000000008e700000, 0x000000008e700000, 0x000000008e800000|  0%| F|  |TAMS 0x000000008e700000| PB 0x000000008e700000| Untracked |  0
|  56|0x000000008e800000, 0x000000008e800000, 0x000000008e900000|  0%| F|  |TAMS 0x000000008e800000| PB 0x000000008e800000| Untracked |  0
|  57|0x000000008e900000, 0x000000008e900000, 0x000000008ea00000|  0%| F|  |TAMS 0x000000008e900000| PB 0x000000008e900000| Untracked |  0
|  58|0x000000008ea00000, 0x000000008ea00000, 0x000000008eb00000|  0%| F|  |TAMS 0x000000008ea00000| PB 0x000000008ea00000| Untracked |  0
|  59|0x000000008eb00000, 0x000000008eb00000, 0x000000008ec00000|  0%| F|  |TAMS 0x000000008eb00000| PB 0x000000008eb00000| Untracked |  0
|  60|0x000000008ec00000, 0x000000008ec00000, 0x000000008ed00000|  0%| F|  |TAMS 0x000000008ec00000| PB 0x000000008ec00000| Untracked |  0
|  61|0x000000008ed00000, 0x000000008ed00000, 0x000000008ee00000|  0%| F|  |TAMS 0x000000008ed00000| PB 0x000000008ed00000| Untracked |  0
|  62|0x000000008ee00000, 0x000000008ee00000, 0x000000008ef00000|  0%| F|  |TAMS 0x000000008ee00000| PB 0x000000008ee00000| Untracked |  0
|  63|0x000000008ef00000, 0x000000008ef00000, 0x000000008f000000|  0%| F|  |TAMS 0x000000008ef00000| PB 0x000000008ef00000| Untracked |  0
|  64|0x000000008f000000, 0x000000008f000000, 0x000000008f100000|  0%| F|  |TAMS 0x000000008f000000| PB 0x000000008f000000| Untracked |  0
|  65|0x000000008f100000, 0x000000008f100000, 0x000000008f200000|  0%| F|  |TAMS 0x000000008f100000| PB 0x000000008f100000| Untracked |  0
|  66|0x000000008f200000, 0x000000008f200000, 0x000000008f300000|  0%| F|  |TAMS 0x000000008f200000| PB 0x000000008f200000| Untracked |  0
|  67|0x000000008f300000, 0x000000008f300000, 0x000000008f400000|  0%| F|  |TAMS 0x000000008f300000| PB 0x000000008f300000| Untracked |  0
|  68|0x000000008f400000, 0x000000008f400000, 0x000000008f500000|  0%| F|  |TAMS 0x000000008f400000| PB 0x000000008f400000| Untracked |  0
|  69|0x000000008f500000, 0x000000008f500000, 0x000000008f600000|  0%| F|  |TAMS 0x000000008f500000| PB 0x000000008f500000| Untracked |  0
|  70|0x000000008f600000, 0x000000008f600000, 0x000000008f700000|  0%| F|  |TAMS 0x000000008f600000| PB 0x000000008f600000| Untracked |  0
|  71|0x000000008f700000, 0x000000008f700000, 0x000000008f800000|  0%| F|  |TAMS 0x000000008f700000| PB 0x000000008f700000| Untracked |  0
|  72|0x000000008f800000, 0x000000008f800000, 0x000000008f900000|  0%| F|  |TAMS 0x000000008f800000| PB 0x000000008f800000| Untracked |  0
|  73|0x000000008f900000, 0x000000008f900000, 0x000000008fa00000|  0%| F|  |TAMS 0x000000008f900000| PB 0x000000008f900000| Untracked |  0
|  74|0x000000008fa00000, 0x000000008fa00000, 0x000000008fb00000|  0%| F|  |TAMS 0x000000008fa00000| PB 0x000000008fa00000| Untracked |  0
|  75|0x000000008fb00000, 0x000000008fb00000, 0x000000008fc00000|  0%| F|  |TAMS 0x000000008fb00000| PB 0x000000008fb00000| Untracked |  0
|  76|0x000000008fc00000, 0x000000008fc00000, 0x000000008fd00000|  0%| F|  |TAMS 0x000000008fc00000| PB 0x000000008fc00000| Untracked |  0
|  77|0x000000008fd00000, 0x000000008fd00000, 0x000000008fe00000|  0%| F|  |TAMS 0x000000008fd00000| PB 0x000000008fd00000| Untracked |  0
|  78|0x000000008fe00000, 0x000000008fe00000, 0x000000008ff00000|  0%| F|  |TAMS 0x000000008fe00000| PB 0x000000008fe00000| Untracked |  0
|  79|0x000000008ff00000, 0x000000008ff00000, 0x0000000090000000|  0%| F|  |TAMS 0x000000008ff00000| PB 0x000000008ff00000| Untracked |  0
|  80|0x0000000090000000, 0x0000000090000000, 0x0000000090100000|  0%| F|  |TAMS 0x0000000090000000| PB 0x0000000090000000| Untracked |  0
|  81|0x0000000090100000, 0x0000000090100000, 0x0000000090200000|  0%| F|  |TAMS 0x0000000090100000| PB 0x0000000090100000| Untracked |  0
|  82|0x0000000090200000, 0x0000000090200000, 0x0000000090300000|  0%| F|  |TAMS 0x0000000090200000| PB 0x0000000090200000| Untracked |  0
|  83|0x0000000090300000, 0x0000000090300000, 0x0000000090400000|  0%| F|  |TAMS 0x0000000090300000| PB 0x0000000090300000| Untracked |  0
|  84|0x0000000090400000, 0x00000000904a19e8, 0x0000000090500000| 63%| S|CS|TAMS 0x0000000090400000| PB 0x0000000090400000| Complete |  0
|  85|0x0000000090500000, 0x0000000090600000, 0x0000000090600000|100%| S|CS|TAMS 0x0000000090500000| PB 0x0000000090500000| Complete |  0
|  86|0x0000000090600000, 0x0000000090700000, 0x0000000090700000|100%| S|CS|TAMS 0x0000000090600000| PB 0x0000000090600000| Complete |  0
|  87|0x0000000090700000, 0x0000000090700000, 0x0000000090800000|  0%| F|  |TAMS 0x0000000090700000| PB 0x0000000090700000| Untracked |  0
|  88|0x0000000090800000, 0x0000000090800000, 0x0000000090900000|  0%| F|  |TAMS 0x0000000090800000| PB 0x0000000090800000| Untracked |  0
|  89|0x0000000090900000, 0x0000000090900000, 0x0000000090a00000|  0%| F|  |TAMS 0x0000000090900000| PB 0x0000000090900000| Untracked |  0
|  90|0x0000000090a00000, 0x0000000090a00000, 0x0000000090b00000|  0%| F|  |TAMS 0x0000000090a00000| PB 0x0000000090a00000| Untracked |  0
|  91|0x0000000090b00000, 0x0000000090b00000, 0x0000000090c00000|  0%| F|  |TAMS 0x0000000090b00000| PB 0x0000000090b00000| Untracked |  0
|  92|0x0000000090c00000, 0x0000000090c00000, 0x0000000090d00000|  0%| F|  |TAMS 0x0000000090c00000| PB 0x0000000090c00000| Untracked |  0
|  93|0x0000000090d00000, 0x0000000090d00000, 0x0000000090e00000|  0%| F|  |TAMS 0x0000000090d00000| PB 0x0000000090d00000| Untracked |  0
|  94|0x0000000090e00000, 0x0000000090e00000, 0x0000000090f00000|  0%| F|  |TAMS 0x0000000090e00000| PB 0x0000000090e00000| Untracked |  0
|  95|0x0000000090f00000, 0x0000000090f00000, 0x0000000091000000|  0%| F|  |TAMS 0x0000000090f00000| PB 0x0000000090f00000| Untracked |  0
|  96|0x0000000091000000, 0x0000000091000000, 0x0000000091100000|  0%| F|  |TAMS 0x0000000091000000| PB 0x0000000091000000| Untracked |  0
|  97|0x0000000091100000, 0x0000000091100000, 0x0000000091200000|  0%| F|  |TAMS 0x0000000091100000| PB 0x0000000091100000| Untracked |  0
|  98|0x0000000091200000, 0x0000000091200000, 0x0000000091300000|  0%| F|  |TAMS 0x0000000091200000| PB 0x0000000091200000| Untracked |  0
|  99|0x0000000091300000, 0x0000000091300000, 0x0000000091400000|  0%| F|  |TAMS 0x0000000091300000| PB 0x0000000091300000| Untracked |  0
| 100|0x0000000091400000, 0x0000000091400000, 0x0000000091500000|  0%| F|  |TAMS 0x0000000091400000| PB 0x0000000091400000| Untracked |  0
| 101|0x0000000091500000, 0x0000000091500000, 0x0000000091600000|  0%| F|  |TAMS 0x0000000091500000| PB 0x0000000091500000| Untracked |  0
| 102|0x0000000091600000, 0x0000000091600000, 0x0000000091700000|  0%| F|  |TAMS 0x0000000091600000| PB 0x0000000091600000| Untracked |  0
| 103|0x0000000091700000, 0x0000000091700000, 0x0000000091800000|  0%| F|  |TAMS 0x0000000091700000| PB 0x0000000091700000| Untracked |  0
| 104|0x0000000091800000, 0x0000000091800000, 0x0000000091900000|  0%| F|  |TAMS 0x0000000091800000| PB 0x0000000091800000| Untracked |  0
| 105|0x0000000091900000, 0x0000000091900000, 0x0000000091a00000|  0%| F|  |TAMS 0x0000000091900000| PB 0x0000000091900000| Untracked |  0
| 106|0x0000000091a00000, 0x0000000091a00000, 0x0000000091b00000|  0%| F|  |TAMS 0x0000000091a00000| PB 0x0000000091a00000| Untracked |  0
| 107|0x0000000091b00000, 0x0000000091b00000, 0x0000000091c00000|  0%| F|  |TAMS 0x0000000091b00000| PB 0x0000000091b00000| Untracked |  0
| 108|0x0000000091c00000, 0x0000000091c00000, 0x0000000091d00000|  0%| F|  |TAMS 0x0000000091c00000| PB 0x0000000091c00000| Untracked |  0
| 109|0x0000000091d00000, 0x0000000091d00000, 0x0000000091e00000|  0%| F|  |TAMS 0x0000000091d00000| PB 0x0000000091d00000| Untracked |  0
| 110|0x0000000091e00000, 0x0000000091e00000, 0x0000000091f00000|  0%| F|  |TAMS 0x0000000091e00000| PB 0x0000000091e00000| Untracked |  0
| 111|0x0000000091f00000, 0x0000000091f00000, 0x0000000092000000|  0%| F|  |TAMS 0x0000000091f00000| PB 0x0000000091f00000| Untracked |  0
| 112|0x0000000092000000, 0x0000000092000000, 0x0000000092100000|  0%| F|  |TAMS 0x0000000092000000| PB 0x0000000092000000| Untracked |  0
| 113|0x0000000092100000, 0x0000000092100000, 0x0000000092200000|  0%| F|  |TAMS 0x0000000092100000| PB 0x0000000092100000| Untracked |  0
| 114|0x0000000092200000, 0x0000000092200000, 0x0000000092300000|  0%| F|  |TAMS 0x0000000092200000| PB 0x0000000092200000| Untracked |  0
| 115|0x0000000092300000, 0x0000000092300000, 0x0000000092400000|  0%| F|  |TAMS 0x0000000092300000| PB 0x0000000092300000| Untracked |  0
| 116|0x0000000092400000, 0x0000000092400000, 0x0000000092500000|  0%| F|  |TAMS 0x0000000092400000| PB 0x0000000092400000| Untracked |  0
| 117|0x0000000092500000, 0x00000000925c7a08, 0x0000000092600000| 77%| E|  |TAMS 0x0000000092500000| PB 0x0000000092500000| Complete |  0

Card table byte_map: [0x0000021870230000,0x00000218705e0000] _byte_map_base: 0x000002186fdd8000

Marking Bits: (CMBitMap*) 0x0000021858610be0
 Bits: [0x00000218705e0000, 0x0000021872320000)

Polling page: 0x00000218564f0000

Metaspace:

Usage:
  Non-class:     11.13 MB used.
      Class:      1.67 MB used.
       Both:     12.79 MB used.

Virtual space:
  Non-class space:       64.00 MB reserved,      11.25 MB ( 18%) committed,  1 nodes.
      Class space:        1.00 GB reserved,       1.81 MB ( <1%) committed,  1 nodes.
             Both:        1.06 GB reserved,      13.06 MB (  1%) committed. 

Chunk freelists:
   Non-Class:  3.94 MB
       Class:  14.05 MB
        Both:  17.98 MB

MaxMetaspaceSize: unlimited
CompressedClassSpaceSize: 1.00 GB
Initial GC threshold: 21.00 MB
Current GC threshold: 21.00 MB
CDS: on
 - commit_granule_bytes: 65536.
 - commit_granule_words: 8192.
 - virtual_space_node_default_size: 8388608.
 - enlarge_chunks_in_place: 1.
 - use_allocation_guard: 0.


Internal statistics:

num_allocs_failed_limit: 0.
num_arena_births: 258.
num_arena_deaths: 0.
num_vsnodes_births: 2.
num_vsnodes_deaths: 0.
num_space_committed: 209.
num_space_uncommitted: 0.
num_chunks_returned_to_freelist: 0.
num_chunks_taken_from_freelist: 753.
num_chunk_merges: 0.
num_chunk_splits: 440.
num_chunks_enlarged: 269.
num_inconsistent_stats: 0.

CodeHeap 'non-profiled nmethods': size=120000Kb used=700Kb max_used=700Kb free=119299Kb
 bounds [0x00000218683e0000, 0x0000021868650000, 0x000002186f910000]
CodeHeap 'profiled nmethods': size=120000Kb used=3780Kb max_used=3780Kb free=116220Kb
 bounds [0x0000021860910000, 0x0000021860cd0000, 0x0000021867e40000]
CodeHeap 'non-nmethods': size=5760Kb used=1420Kb max_used=1438Kb free=4339Kb
 bounds [0x0000021867e40000, 0x00000218680b0000, 0x00000218683e0000]
 total_blobs=2474 nmethods=1965 adapters=413
 compilation: enabled
              stopped_count=0, restarted_count=0
 full_count=0

Compilation events (20 events):
Event: 1.917 Thread 0x0000021874fb3470 1853       3       org.springframework.core.ResolvableType::resolveClass (74 bytes)
Event: 1.917 Thread 0x0000021874fb3470 nmethod 1853 0x0000021860c8f290 code [0x0000021860c8f4a0, 0x0000021860c8fd40]
Event: 1.917 Thread 0x0000021874fb3470 1859       3       org.springframework.core.ResolvableType::calculateHashCode (80 bytes)
Event: 1.917 Thread 0x0000021874fb3470 nmethod 1859 0x0000021860c8ff10 code [0x0000021860c90100, 0x0000021860c90530]
Event: 1.920 Thread 0x0000021874fb3470 1861       3       sun.invoke.util.Wrapper::isDoubleWord (15 bytes)
Event: 1.920 Thread 0x0000021874fb3470 nmethod 1861 0x0000021860c90690 code [0x0000021860c90820, 0x0000021860c90988]
Event: 1.924 Thread 0x0000021874fb3470 1863       3       org.springframework.core.OrderComparator::getOrder (111 bytes)
Event: 1.924 Thread 0x0000021874fb3470 nmethod 1863 0x0000021860c90a10 code [0x0000021860c90c60, 0x0000021860c91598]
Event: 1.925 Thread 0x0000021874fb3470 1864       3       org.springframework.core.OrderComparator::getOrder (22 bytes)
Event: 1.925 Thread 0x0000021874fb3470 nmethod 1864 0x0000021860c91890 code [0x0000021860c91a40, 0x0000021860c91cb8]
Event: 1.928 Thread 0x0000021874fb3470 1865       3       java.util.stream.AbstractPipeline::<init> (76 bytes)
Event: 1.929 Thread 0x0000021874fb3470 nmethod 1865 0x0000021860c91d90 code [0x0000021860c91f80, 0x0000021860c924b8]
Event: 1.931 Thread 0x0000021874fb3470 1866       3       java.lang.ClassLoader::definePackage (53 bytes)
Event: 1.931 Thread 0x0000021874fb3470 nmethod 1866 0x0000021860c92690 code [0x0000021860c92880, 0x0000021860c92de0]
Event: 1.931 Thread 0x0000021874fb3470 1868       3       java.lang.NamedPackage::<init> (59 bytes)
Event: 1.932 Thread 0x0000021874fb3470 nmethod 1868 0x0000021860c93090 code [0x0000021860c93320, 0x0000021860c93d98]
Event: 1.933 Thread 0x0000021874fb3470 1869       3       java.lang.Class::newReflectionData (66 bytes)
Event: 1.934 Thread 0x0000021874fb3470 nmethod 1869 0x0000021860c94190 code [0x0000021860c943a0, 0x0000021860c94c50]
Event: 1.935 Thread 0x0000021874fb3470 1870       1       org.springframework.core.env.PropertySource::getName (5 bytes)
Event: 1.935 Thread 0x0000021874fb3470 nmethod 1870 0x000002186848ae90 code [0x000002186848b020, 0x000002186848b0e8]

GC Heap History (2 events):
Event: 0.929 GC heap before
{Heap before GC invocations=0 (full 0):
 garbage-first heap   total reserved 1916928K, committed 120832K, used 25600K [0x000000008b000000, 0x0000000100000000)
  region size 1024K, 24 young (24576K), 0 survivors (0K)
 Metaspace       used 5392K, committed 5568K, reserved 1114112K
  class space    used 635K, committed 704K, reserved 1048576K
}
Event: 0.939 GC heap after
{Heap after GC invocations=1 (full 0):
 garbage-first heap   total reserved 1916928K, committed 120832K, used 8912K [0x000000008b000000, 0x0000000100000000)
  region size 1024K, 3 young (3072K), 3 survivors (3072K)
 Metaspace       used 5392K, committed 5568K, reserved 1114112K
  class space    used 635K, committed 704K, reserved 1048576K
}

Dll operation events (8 events):
Event: 0.010 Loaded shared library C:\Program Files\Java\jdk-22\bin\java.dll
Event: 0.054 Loaded shared library C:\Program Files\Java\jdk-22\bin\jsvml.dll
Event: 0.080 Loaded shared library C:\Program Files\Java\jdk-22\bin\net.dll
Event: 0.082 Loaded shared library C:\Program Files\Java\jdk-22\bin\nio.dll
Event: 0.090 Loaded shared library C:\Program Files\Java\jdk-22\bin\zip.dll
Event: 0.198 Loaded shared library C:\Program Files\Java\jdk-22\bin\management.dll
Event: 0.207 Loaded shared library C:\Program Files\Java\jdk-22\bin\management_ext.dll
Event: 0.234 Loaded shared library C:\Program Files\Java\jdk-22\bin\jimage.dll

Deoptimization events (20 events):
Event: 1.653 Thread 0x00000218585b9fd0 Uncommon trap: trap_request=0xffffff45 fr.pc=0x0000021868437a80 relative=0x00000000000000e0
Event: 1.653 Thread 0x00000218585b9fd0 Uncommon trap: reason=unstable_if action=reinterpret pc=0x0000021868437a80 method=sun.reflect.generics.parser.SignatureParser.current()C @ 39 c2
Event: 1.653 Thread 0x00000218585b9fd0 DEOPT PACKING pc=0x0000021868437a80 sp=0x000000af31bfb7d0
Event: 1.653 Thread 0x00000218585b9fd0 DEOPT UNPACKING pc=0x0000021867e946a2 sp=0x000000af31bfb768 mode 2
Event: 1.684 Thread 0x00000218585b9fd0 DEOPT PACKING pc=0x0000021860c3b302 sp=0x000000af31bfbe80
Event: 1.684 Thread 0x00000218585b9fd0 DEOPT UNPACKING pc=0x0000021867e94e42 sp=0x000000af31bfb308 mode 0
Event: 1.719 Thread 0x00000218585b9fd0 Uncommon trap: trap_request=0xffffff45 fr.pc=0x000002186847a3ec relative=0x00000000000000cc
Event: 1.719 Thread 0x00000218585b9fd0 Uncommon trap: reason=unstable_if action=reinterpret pc=0x000002186847a3ec method=java.lang.ref.SoftReference.get()Ljava/lang/Object; @ 6 c2
Event: 1.719 Thread 0x00000218585b9fd0 DEOPT PACKING pc=0x000002186847a3ec sp=0x000000af31bfcab0
Event: 1.719 Thread 0x00000218585b9fd0 DEOPT UNPACKING pc=0x0000021867e946a2 sp=0x000000af31bfca68 mode 2
Event: 1.721 Thread 0x00000218585b9fd0 Uncommon trap: trap_request=0xffffff45 fr.pc=0x000002186846b92c relative=0x00000000000015ec
Event: 1.721 Thread 0x00000218585b9fd0 Uncommon trap: reason=unstable_if action=reinterpret pc=0x000002186846b92c method=java.util.concurrent.ConcurrentHashMap.transfer([Ljava/util/concurrent/ConcurrentHashMap$Node;[Ljava/util/concurrent/ConcurrentHashMap$Node;)V @ 26 c2
Event: 1.721 Thread 0x00000218585b9fd0 DEOPT PACKING pc=0x000002186846b92c sp=0x000000af31bfb900
Event: 1.721 Thread 0x00000218585b9fd0 DEOPT UNPACKING pc=0x0000021867e946a2 sp=0x000000af31bfb870 mode 2
Event: 1.781 Thread 0x00000218585b9fd0 Uncommon trap: trap_request=0xffffff45 fr.pc=0x00000218684699f0 relative=0x0000000000000070
Event: 1.781 Thread 0x00000218585b9fd0 Uncommon trap: reason=unstable_if action=reinterpret pc=0x00000218684699f0 method=java.lang.ref.ReferenceQueue.poll()Ljava/lang/ref/Reference; @ 4 c2
Event: 1.781 Thread 0x00000218585b9fd0 DEOPT PACKING pc=0x00000218684699f0 sp=0x000000af31bfc400
Event: 1.781 Thread 0x00000218585b9fd0 DEOPT UNPACKING pc=0x0000021867e946a2 sp=0x000000af31bfc390 mode 2
Event: 1.788 Thread 0x00000218585b9fd0 DEOPT PACKING pc=0x0000021860c3b302 sp=0x000000af31bfb790
Event: 1.788 Thread 0x00000218585b9fd0 DEOPT UNPACKING pc=0x0000021867e94e42 sp=0x000000af31bfac18 mode 0

Classes loaded (20 events):
Event: 1.913 Loading class javax/naming/spi/NamingManager
Event: 1.913 Loading class javax/naming/spi/NamingManager done
Event: 1.913 Loading class javax/naming/NoInitialContextException
Event: 1.913 Loading class javax/naming/NoInitialContextException done
Event: 1.917 Loading class java/nio/file/attribute/PosixFilePermission
Event: 1.917 Loading class java/nio/file/attribute/PosixFilePermission done
Event: 1.918 Loading class java/lang/ProcessHandle
Event: 1.918 Loading class java/lang/ProcessHandle done
Event: 1.918 Loading class java/lang/ProcessHandleImpl
Event: 1.918 Loading class java/lang/ProcessHandleImpl done
Event: 1.921 Loading class java/util/concurrent/SynchronousQueue
Event: 1.921 Loading class java/util/concurrent/SynchronousQueue done
Event: 1.921 Loading class java/util/concurrent/SynchronousQueue$Transferer
Event: 1.921 Loading class java/util/concurrent/LinkedTransferQueue
Event: 1.921 Loading class java/util/concurrent/TransferQueue
Event: 1.922 Loading class java/util/concurrent/TransferQueue done
Event: 1.922 Loading class java/util/concurrent/LinkedTransferQueue done
Event: 1.922 Loading class java/util/concurrent/SynchronousQueue$Transferer done
Event: 1.922 Loading class java/util/concurrent/LinkedTransferQueue$DualNode
Event: 1.922 Loading class java/util/concurrent/LinkedTransferQueue$DualNode done

Classes unloaded (0 events):
No events

Classes redefined (0 events):
No events

Internal exceptions (20 events):
Event: 1.392 Thread 0x00000218585b9fd0 Exception <a 'java/lang/NoSuchMethodError'{0x0000000091b38eb8}: 'void java.lang.invoke.DirectMethodHandle$Holder.invokeStaticInit(java.lang.Object, java.lang.Object)'> (0x0000000091b38eb8) 
thrown [s\open\src\hotspot\share\interpreter\linkResolver.cpp, line 774]
Event: 1.399 Thread 0x00000218585b9fd0 Exception <a 'java/lang/NoSuchMethodError'{0x0000000091b5e4e0}: 'java.lang.Object java.lang.invoke.DirectMethodHandle$Holder.invokeStatic(java.lang.Object, int, java.lang.Object)'> (0x0000000091b5e4e0) 
thrown [s\open\src\hotspot\share\interpreter\linkResolver.cpp, line 774]
Event: 1.426 Thread 0x00000218585b9fd0 Exception <a 'java/lang/NoSuchMethodError'{0x0000000091bff7e0}: 'int java.lang.invoke.DirectMethodHandle$Holder.invokeVirtual(java.lang.Object, java.lang.Object, java.lang.Object)'> (0x0000000091bff7e0) 
thrown [s\open\src\hotspot\share\interpreter\linkResolver.cpp, line 774]
Event: 1.476 Thread 0x00000218585b9fd0 Exception <a 'java/lang/IncompatibleClassChangeError'{0x00000000919503f0}: Found class java.lang.Object, but interface was expected> (0x00000000919503f0) 
thrown [s\open\src\hotspot\share\interpreter\linkResolver.cpp, line 841]
Event: 1.520 Thread 0x00000218585b9fd0 Exception <a 'java/lang/NoSuchMethodError'{0x0000000091894a68}: 'int java.lang.invoke.DirectMethodHandle$Holder.invokeSpecial(java.lang.Object, java.lang.Object, java.lang.Object, java.lang.Object)'> (0x0000000091894a68) 
thrown [s\open\src\hotspot\share\interpreter\linkResolver.cpp, line 774]
Event: 1.526 Thread 0x00000218585b9fd0 Exception <a 'java/lang/NoSuchMethodError'{0x00000000918b1f28}: 'int java.lang.invoke.DirectMethodHandle$Holder.invokeSpecial(java.lang.Object, java.lang.Object, java.lang.Object, java.lang.Object, java.lang.Object)'> (0x00000000918b1f28) 
thrown [s\open\src\hotspot\share\interpreter\linkResolver.cpp, line 774]
Event: 1.529 Thread 0x00000218585b9fd0 Exception <a 'java/lang/NoSuchMethodError'{0x00000000918ba810}: 'void java.lang.invoke.DirectMethodHandle$Holder.invokeVirtual(java.lang.Object, java.lang.Object)'> (0x00000000918ba810) 
thrown [s\open\src\hotspot\share\interpreter\linkResolver.cpp, line 774]
Event: 1.619 Thread 0x00000218585b9fd0 Exception <a 'java/lang/NoSuchMethodError'{0x0000000091529ec0}: 'void java.lang.invoke.DirectMethodHandle$Holder.invokeVirtual(java.lang.Object, java.lang.Object, java.lang.Object, java.lang.Object)'> (0x0000000091529ec0) 
thrown [s\open\src\hotspot\share\interpreter\linkResolver.cpp, line 774]
Event: 1.723 Thread 0x00000218585b9fd0 Exception <a 'java/lang/NoSuchMethodError'{0x00000000912dfbf8}: 'java.lang.Object java.lang.invoke.DirectMethodHandle$Holder.newInvokeSpecial(java.lang.Object, java.lang.Object, java.lang.Object, java.lang.Object, java.lang.Object, java.lang.Object, java.lang.Object)'> (0x00000000912dfbf8) 
thrown [s\open\src\hotspot\share\interpreter\linkResolver.cpp, line 774]
Event: 1.767 Thread 0x00000218585b9fd0 Exception <a 'java/lang/NoSuchMethodError'{0x000000009105fda8}: 'java.lang.Object java.lang.invoke.DirectMethodHandle$Holder.invokeInterface(java.lang.Object, java.lang.Object, java.lang.Object, java.lang.Object)'> (0x000000009105fda8) 
thrown [s\open\src\hotspot\share\interpreter\linkResolver.cpp, line 774]
Event: 1.771 Thread 0x00000218585b9fd0 Exception <a 'java/lang/NoSuchMethodError'{0x000000009107a020}: 'java.lang.Object java.lang.invoke.DirectMethodHandle$Holder.newInvokeSpecial(java.lang.Object, java.lang.Object, java.lang.Object, java.lang.Object, int)'> (0x000000009107a020) 
thrown [s\open\src\hotspot\share\interpreter\linkResolver.cpp, line 774]
Event: 1.771 Thread 0x00000218585b9fd0 Exception <a 'java/lang/NoSuchMethodError'{0x000000009107e648}: 'java.lang.Object java.lang.invoke.DirectMethodHandle$Holder.invokeSpecial(java.lang.Object, java.lang.Object, java.lang.Object, java.lang.Object, java.lang.Object, int)'> (0x000000009107e648) 
thrown [s\open\src\hotspot\share\interpreter\linkResolver.cpp, line 774]
Event: 1.771 Thread 0x00000218585b9fd0 Exception <a 'java/lang/NoSuchMethodError'{0x0000000091082378}: 'java.lang.Object java.lang.invoke.Invokers$Holder.linkToTargetMethod(java.lang.Object, java.lang.Object, java.lang.Object, int, java.lang.Object)'> (0x0000000091082378) 
thrown [s\open\src\hotspot\share\interpreter\linkResolver.cpp, line 774]
Event: 1.779 Thread 0x00000218585b9fd0 Exception <a 'java/lang/NoSuchMethodError'{0x00000000910b5b88}: 'java.lang.Object java.lang.invoke.DirectMethodHandle$Holder.invokeInterface(java.lang.Object, java.lang.Object, java.lang.Object, java.lang.Object, java.lang.Object)'> (0x00000000910b5b88) 
thrown [s\open\src\hotspot\share\interpreter\linkResolver.cpp, line 774]
Event: 1.779 Thread 0x00000218585b9fd0 Exception <a 'java/lang/IncompatibleClassChangeError'{0x00000000910b96c0}: Found class java.lang.Object, but interface was expected> (0x00000000910b96c0) 
thrown [s\open\src\hotspot\share\interpreter\linkResolver.cpp, line 841]
Event: 1.898 Thread 0x00000218585b9fd0 Exception <a 'java/lang/IncompatibleClassChangeError'{0x0000000090aba1a0}: Found class java.lang.Object, but interface was expected> (0x0000000090aba1a0) 
thrown [s\open\src\hotspot\share\interpreter\linkResolver.cpp, line 841]
Event: 1.912 Thread 0x00000218585b9fd0 Exception <a 'sun/nio/fs/WindowsException'{0x0000000090afb420}> (0x0000000090afb420) 
thrown [s\open\src\hotspot\share\prims\jni.cpp, line 520]
Event: 1.919 Thread 0x00000218585b9fd0 Exception <a 'java/lang/NoSuchMethodError'{0x0000000090918b40}: 'java.lang.Object java.lang.invoke.DirectMethodHandle$Holder.invokeStatic(java.lang.Object, long, java.lang.Object)'> (0x0000000090918b40) 
thrown [s\open\src\hotspot\share\interpreter\linkResolver.cpp, line 774]
Event: 1.920 Thread 0x00000218585b9fd0 Exception <a 'java/lang/NoSuchMethodError'{0x000000009091c728}: 'java.lang.Object java.lang.invoke.DirectMethodHandle$Holder.invokeStaticInit(java.lang.Object, long, java.lang.Object)'> (0x000000009091c728) 
thrown [s\open\src\hotspot\share\interpreter\linkResolver.cpp, line 774]
Event: 1.920 Thread 0x00000218585b9fd0 Exception <a 'java/lang/NoSuchMethodError'{0x0000000090922548}: 'java.lang.Object java.lang.invoke.DirectMethodHandle$Holder.newInvokeSpecial(java.lang.Object, long)'> (0x0000000090922548) 
thrown [s\open\src\hotspot\share\interpreter\linkResolver.cpp, line 774]

ZGC Phase Switch (0 events):
No events

VM Operations (20 events):
Event: 0.834 Executing VM operation: HandshakeAllThreads (Deoptimize)
Event: 0.834 Executing VM operation: HandshakeAllThreads (Deoptimize) done
Event: 0.842 Executing VM operation: HandshakeAllThreads (Deoptimize)
Event: 0.842 Executing VM operation: HandshakeAllThreads (Deoptimize) done
Event: 0.886 Executing VM operation: ICBufferFull
Event: 0.886 Executing VM operation: ICBufferFull done
Event: 0.929 Executing VM operation: G1CollectForAllocation (G1 Evacuation Pause)
Event: 0.939 Executing VM operation: G1CollectForAllocation (G1 Evacuation Pause) done
Event: 1.033 Executing VM operation: HandshakeAllThreads (Deoptimize)
Event: 1.033 Executing VM operation: HandshakeAllThreads (Deoptimize) done
Event: 1.365 Executing VM operation: HandshakeAllThreads (Deoptimize)
Event: 1.365 Executing VM operation: HandshakeAllThreads (Deoptimize) done
Event: 1.493 Executing VM operation: HandshakeAllThreads (Deoptimize)
Event: 1.493 Executing VM operation: HandshakeAllThreads (Deoptimize) done
Event: 1.616 Executing VM operation: HandshakeAllThreads (Deoptimize)
Event: 1.616 Executing VM operation: HandshakeAllThreads (Deoptimize) done
Event: 1.761 Executing VM operation: ICBufferFull
Event: 1.761 Executing VM operation: ICBufferFull done
Event: 1.784 Executing VM operation: HandshakeAllThreads (Deoptimize)
Event: 1.784 Executing VM operation: HandshakeAllThreads (Deoptimize) done

Memory protections (0 events):
No events

Nmethod flushes (0 events):
No events

Events (14 events):
Event: 0.033 Thread 0x00000218585b9fd0 Thread added: 0x00000218585b9fd0
Event: 0.051 Thread 0x00000218585b9fd0 Thread added: 0x0000021874f77170
Event: 0.051 Thread 0x00000218585b9fd0 Thread added: 0x0000021874f77e90
Event: 0.052 Thread 0x00000218585b9fd0 Thread added: 0x0000021874f7b840
Event: 0.052 Thread 0x00000218585b9fd0 Thread added: 0x0000021874f7d2b0
Event: 0.052 Thread 0x00000218585b9fd0 Thread added: 0x0000021874f7e5e0
Event: 0.052 Thread 0x00000218585b9fd0 Thread added: 0x0000021874f7f040
Event: 0.052 Thread 0x00000218585b9fd0 Thread added: 0x0000021874f905a0
Event: 0.052 Thread 0x00000218585b9fd0 Thread added: 0x0000021874fb3470
Event: 0.074 Thread 0x00000218585b9fd0 Thread added: 0x0000021845284790
Event: 0.077 Thread 0x00000218585b9fd0 Thread added: 0x0000021845289650
Event: 0.360 Thread 0x00000218585b9fd0 Thread added: 0x00000218453978b0
Event: 0.371 Thread 0x00000218585b9fd0 Thread added: 0x00000218456aee80
Event: 1.100 Thread 0x0000021874f905a0 Thread added: 0x0000021845f759f0


Dynamic libraries:
0x00007ff791a70000 - 0x00007ff791a80000 	C:\Program Files\Java\jdk-22\bin\java.exe
0x00007ff9cd910000 - 0x00007ff9cdb27000 	C:\windows\SYSTEM32\ntdll.dll
0x00007ff9cc300000 - 0x00007ff9cc3c4000 	C:\windows\System32\KERNEL32.DLL
0x00007ff9cafe0000 - 0x00007ff9cb39a000 	C:\windows\System32\KERNELBASE.dll
0x00007ff9cac40000 - 0x00007ff9cad51000 	C:\windows\System32\ucrtbase.dll
0x00007ff981340000 - 0x00007ff981357000 	C:\Program Files\Java\jdk-22\bin\jli.dll
0x00007ff981320000 - 0x00007ff98133b000 	C:\Program Files\Java\jdk-22\bin\VCRUNTIME140.dll
0x00007ff9ccef0000 - 0x00007ff9cd09e000 	C:\windows\System32\USER32.dll
0x00007ff9cabe0000 - 0x00007ff9cac06000 	C:\windows\System32\win32u.dll
0x00007ff9ae8c0000 - 0x00007ff9aeb52000 	C:\windows\WinSxS\amd64_microsoft.windows.common-controls_6595b64144ccf1df_6.0.22621.4541_none_2710d1c57384c085\COMCTL32.dll
0x00007ff9cc290000 - 0x00007ff9cc2b9000 	C:\windows\System32\GDI32.dll
0x00007ff9cb610000 - 0x00007ff9cb6b7000 	C:\windows\System32\msvcrt.dll
0x00007ff9cae00000 - 0x00007ff9caf1b000 	C:\windows\System32\gdi32full.dll
0x00007ff9cad60000 - 0x00007ff9cadfa000 	C:\windows\System32\msvcp_win.dll
0x00007ff9cbb90000 - 0x00007ff9cbbc1000 	C:\windows\System32\IMM32.DLL
0x00007ff98d670000 - 0x00007ff98d67c000 	C:\Program Files\Java\jdk-22\bin\vcruntime140_1.dll
0x00007ff8f2b20000 - 0x00007ff8f2bae000 	C:\Program Files\Java\jdk-22\bin\msvcp140.dll
0x00007ff8e4f90000 - 0x00007ff8e5cd9000 	C:\Program Files\Java\jdk-22\bin\server\jvm.dll
0x00007ff9cc1d0000 - 0x00007ff9cc282000 	C:\windows\System32\ADVAPI32.dll
0x00007ff9ccce0000 - 0x00007ff9ccd87000 	C:\windows\System32\sechost.dll
0x00007ff9cac10000 - 0x00007ff9cac38000 	C:\windows\System32\bcrypt.dll
0x00007ff9cbbd0000 - 0x00007ff9cbce4000 	C:\windows\System32\RPCRT4.dll
0x00007ff9cd6f0000 - 0x00007ff9cd761000 	C:\windows\System32\WS2_32.dll
0x00007ff9ca900000 - 0x00007ff9ca94d000 	C:\windows\SYSTEM32\POWRPROF.dll
0x00007ff9c5840000 - 0x00007ff9c5874000 	C:\windows\SYSTEM32\WINMM.dll
0x00007ff9c0530000 - 0x00007ff9c053a000 	C:\windows\SYSTEM32\VERSION.dll
0x00007ff9ca830000 - 0x00007ff9ca843000 	C:\windows\SYSTEM32\UMPDC.dll
0x00007ff9c9c00000 - 0x00007ff9c9c18000 	C:\windows\SYSTEM32\kernel.appcore.dll
0x00007ff98c020000 - 0x00007ff98c02a000 	C:\Program Files\Java\jdk-22\bin\jimage.dll
0x00007ff9c8430000 - 0x00007ff9c8662000 	C:\windows\SYSTEM32\DBGHELP.DLL
0x00007ff9cd360000 - 0x00007ff9cd6ef000 	C:\windows\System32\combase.dll
0x00007ff9cce00000 - 0x00007ff9cced7000 	C:\windows\System32\OLEAUT32.dll
0x00007ff9ab660000 - 0x00007ff9ab692000 	C:\windows\SYSTEM32\dbgcore.DLL
0x00007ff9cb590000 - 0x00007ff9cb60b000 	C:\windows\System32\bcryptPrimitives.dll
0x00007ff981300000 - 0x00007ff98131e000 	C:\Program Files\Java\jdk-22\bin\java.dll
0x00007ff9cc3e0000 - 0x00007ff9ccc58000 	C:\windows\System32\SHELL32.dll
0x00007ff9cbcf0000 - 0x00007ff9cbe95000 	C:\windows\System32\ole32.dll
0x00007ff9c8ad0000 - 0x00007ff9c93d8000 	C:\windows\SYSTEM32\windows.storage.dll
0x00007ff9c8990000 - 0x00007ff9c8acf000 	C:\windows\SYSTEM32\wintypes.dll
0x00007ff9cd770000 - 0x00007ff9cd86a000 	C:\windows\System32\SHCORE.dll
0x00007ff9ccc80000 - 0x00007ff9cccde000 	C:\windows\System32\shlwapi.dll
0x00007ff9cab10000 - 0x00007ff9cab3b000 	C:\windows\SYSTEM32\profapi.dll
0x00007ff8e4eb0000 - 0x00007ff8e4f87000 	C:\Program Files\Java\jdk-22\bin\jsvml.dll
0x00007ff988020000 - 0x00007ff988030000 	C:\Program Files\Java\jdk-22\bin\net.dll
0x00007ff9ca0a0000 - 0x00007ff9ca109000 	C:\windows\system32\mswsock.dll
0x00007ff948f50000 - 0x00007ff948f66000 	C:\Program Files\Java\jdk-22\bin\nio.dll
0x00007ff948760000 - 0x00007ff948777000 	C:\Program Files\Java\jdk-22\bin\zip.dll
0x00007ff9820e0000 - 0x00007ff9820ea000 	C:\Program Files\Java\jdk-22\bin\management.dll
0x00007ff982080000 - 0x00007ff98208b000 	C:\Program Files\Java\jdk-22\bin\management_ext.dll
0x00007ff9ccee0000 - 0x00007ff9ccee8000 	C:\windows\System32\PSAPI.DLL

dbghelp: loaded successfully - version: 4.0.5 - missing functions: none
symbol engine: initialized successfully - sym options: 0x614 - pdb path: .;C:\Program Files\Java\jdk-22\bin;C:\windows\SYSTEM32;C:\windows\WinSxS\amd64_microsoft.windows.common-controls_6595b64144ccf1df_6.0.22621.4541_none_2710d1c57384c085;C:\Program Files\Java\jdk-22\bin\server

VM Arguments:
java_command: C:\Users\tnard\AppData\Local\Temp\surefire3598509664490805332\surefirebooter-20241231134453550_3.jar C:\Users\tnard\AppData\Local\Temp\surefire3598509664490805332 2024-12-31T13-44-53_280-jvmRun1 surefire-20241231134453550_1tmp surefire_0-20241231134453550_2tmp
java_class_path (initial): C:\Users\tnard\AppData\Local\Temp\surefire3598509664490805332\surefirebooter-20241231134453550_3.jar
Launcher Type: SUN_STANDARD

[Global flags]
     intx CICompilerCount                          = 4                                         {product} {ergonomic}
     uint ConcGCThreads                            = 3                                         {product} {ergonomic}
     uint G1ConcRefinementThreads                  = 10                                        {product} {ergonomic}
   size_t G1HeapRegionSize                         = 1048576                                   {product} {ergonomic}
   size_t InitialHeapSize                          = 123731968                                 {product} {ergonomic}
   size_t MarkStackSize                            = 4194304                                   {product} {ergonomic}
   size_t MaxHeapSize                              = 1962934272                                {product} {ergonomic}
   size_t MaxNewSize                               = 1177550848                                {product} {ergonomic}
   size_t MinHeapDeltaBytes                        = 1048576                                   {product} {ergonomic}
   size_t MinHeapSize                              = 8388608                                   {product} {ergonomic}
    uintx NonNMethodCodeHeapSize                   = 5839372                                {pd product} {ergonomic}
    uintx NonProfiledCodeHeapSize                  = 122909434                              {pd product} {ergonomic}
    uintx ProfiledCodeHeapSize                     = 122909434                              {pd product} {ergonomic}
    uintx ReservedCodeCacheSize                    = 251658240                              {pd product} {ergonomic}
     bool SegmentedCodeCache                       = true                                      {product} {ergonomic}
   size_t SoftMaxHeapSize                          = 1962934272                             {manageable} {ergonomic}
     bool UseCompressedOops                        = true                           {product lp64_product} {ergonomic}
     bool UseG1GC                                  = true                                      {product} {ergonomic}
     bool UseLargePagesIndividualAllocation        = false                                  {pd product} {ergonomic}

Logging:
Log output configuration:
 #0: stdout all=warning uptime,level,tags foldmultilines=false
 #1: stderr all=off uptime,level,tags foldmultilines=false

Environment Variables:
PATH=C:\Program Files\Common Files\Oracle\Java\javapath;C:\windows\system32;C:\windows;C:\windows\System32\Wbem;C:\windows\System32\WindowsPowerShell\v1.0\;C:\windows\System32\OpenSSH\;C:\Program Files\HP\HP One Agent;C:\Program Files (x86)\Windows Kits\10\Windows Performance Toolkit\;C:\Program Files\Git\cmd;C:\Program Files\Common Files\Oracle\Java\javapath;C:\windows\system32;C:\windows;C:\windows\System32\Wbem;C:\windows\System32\WindowsPowerShell\v1.0\;C:\windows\System32\OpenSSH\;C:\Program Files\HP\HP One Agent;C:\Program Files (x86)\Windows Kits\10\Windows Performance Toolkit\;C:\Program Files\Git\cmd;C:\Users\tnard\AppData\Local\Programs\Python\Python311\Scripts\;C:\Users\tnard\AppData\Local\Programs\Python\Python311\;C:\Users\tnard\AppData\Local\Microsoft\WindowsApps;C:\Users\tnard\AppData\Local\JetBrains\Toolbox\scripts;C:\Users\tnard\AppData\Local\GitHubDesktop\bin;C:\Users\tnard\AppData\Local\Programs\Microsoft VS Code\bin;C:\Program Files\Apache\Maven\bin;C:\Program Files\Apache\Maven\bin
USERNAME=tnard
OS=Windows_NT
PROCESSOR_IDENTIFIER=AMD64 Family 25 Model 80 Stepping 0, AuthenticAMD
TMP=C:\Users\tnard\AppData\Local\Temp
TEMP=C:\Users\tnard\AppData\Local\Temp




Periodic native trim disabled

---------------  S Y S T E M  ---------------

OS:
 Windows 11 , 64 bit Build 22621 (10.0.22621.4391)
OS uptime: 9 days 16:04 hours
Hyper-V role detected

CPU: total 12 (initial active 12) (12 cores per cpu, 2 threads per core) family 25 model 80 stepping 0 microcode 0x0, cx8, cmov, fxsr, ht, mmx, 3dnowpref, sse, sse2, sse3, ssse3, sse4a, sse4.1, sse4.2, popcnt, lzcnt, tsc, tscinvbit, avx, avx2, aes, erms, clmul, bmi1, bmi2, adx, sha, fma, vzeroupper, clflush, clflushopt, hv, rdtscp, rdpid, fsrm, f16c, cet_ss
Processor Information for all 12 processors :
  Max Mhz: 2000, Current Mhz: 2000, Mhz Limit: 2000

Memory: 4k page, system-wide physical 7487M (391M free)
TotalPageFile size 30015M (AvailPageFile size 5M)
current process WorkingSet (physical memory assigned to process): 134M, peak: 134M
current process commit charge ("private bytes"): 261M, peak: 261M

vm_info: Java HotSpot(TM) 64-Bit Server VM (22.0.2+9-70) for windows-amd64 JRE (22.0.2+9-70), built on 2024-06-04T16:52:23Z by "mach5one" with MS VC++ 17.6 (VS2022)

END.
